2021/06/21 15:36:07 {"callers":["D:/go_proj/go-programming-tour-book/blog-service/main.go: 22 main.init.0"],"level":"info","message":"eddycjy: go-programming-tour-book/blog-service","time":1624260967191128800}
2021/06/23 17:10:40 {"callers":["D:/go_proj/go-programming-tour-book/blog-service/main.go: 24 main.init.0"],"level":"error","message":"app.BindAndValid errs: ","time":1624439440447552200}
2021/06/23 17:10:55 {"callers":["D:/go_proj/go-programming-tour-book/blog-service/main.go: 24 main.init.0"],"level":"error","message":"app.BindAndValid errs: ","time":1624439455613114800}
2021/06/23 17:13:30 {"callers":["D:/go_proj/go-programming-tour-book/blog-service/main.go: 24 main.init.0"],"level":"error","message":"app.BindAndValid errs: ","time":1624439610960260600}
2021/06/23 17:22:41 {"callers":["D:/go_proj/go-programming-tour-book/blog-service/main.go: 24 main.init.0"],"level":"error","message":"app.BindAndValid errs: ","time":1624440161105671500}
2021/06/23 17:35:04 {"callers":["D:/go_proj/go-programming-tour-book/blog-service/main.go: 24 main.init.0"],"level":"error","message":"1","time":1624440904495981600}
2021/06/23 17:35:04 {"callers":["D:/go_proj/go-programming-tour-book/blog-service/main.go: 24 main.init.0"],"level":"error","message":"app.BindAndValid errs: ","time":1624440904495981600}
2021/06/23 17:38:04 {"callers":["D:/go_proj/go-programming-tour-book/blog-service/main.go: 24 main.init.0"],"level":"error","message":"2","time":1624441084141807600}
2021/06/23 17:38:04 {"callers":["D:/go_proj/go-programming-tour-book/blog-service/main.go: 24 main.init.0"],"level":"error","message":"app.BindAndValid errs: State必须是[0 1]中的一个","time":1624441084141807600}
2021/06/23 17:38:16 {"callers":["D:/go_proj/go-programming-tour-book/blog-service/main.go: 24 main.init.0"],"level":"error","message":"2","time":1624441096463907500}
2021/06/23 17:38:16 {"callers":["D:/go_proj/go-programming-tour-book/blog-service/main.go: 24 main.init.0"],"level":"error","message":"app.BindAndValid errs: State必须是[0 1]中的一个","time":1624441096463907500}
2021/06/24 18:20:27 {"callers":["D:/go_proj/go-programming-tour-book/blog-service/main.go: 24 main.init.0"],"level":"error","message":"app.BindAndValid errs: Name为必填字段,CreateBy为必填字段","time":1624530027099992400}
2021/06/24 18:21:46 {"callers":["D:/go_proj/go-programming-tour-book/blog-service/main.go: 24 main.init.0"],"level":"error","message":"app.BindAndValid errs: Name为必填字段","time":1624530106171131900}
2021/06/24 18:22:00 {"callers":["D:/go_proj/go-programming-tour-book/blog-service/main.go: 24 main.init.0"],"level":"error","message":"app.BindAndValid errs: Name为必填字段","time":1624530120296403500}
2021/06/24 18:22:48 {"callers":["D:/go_proj/go-programming-tour-book/blog-service/main.go: 24 main.init.0"],"level":"error","message":"app.BindAndValid errs: Name为必填字段,CreateBy为必填字段","time":1624530168012916700}
2021/06/24 18:25:30 {"callers":["D:/go_proj/go-programming-tour-book/blog-service/main.go: 24 main.init.0"],"level":"error","message":"app.BindAndValid errs: CreateBy为必填字段,Name为必填字段","time":1624530330831304100}
2021/06/24 18:29:10 {"callers":["D:/go_proj/go-programming-tour-book/blog-service/main.go: 24 main.init.0"],"level":"error","message":"svc.CountTag err: invalid connection","time":1624530550360646700}
2021/06/24 18:34:52 {"callers":["D:/go_proj/go-programming-tour-book/blog-service/main.go: 24 main.init.0"],"level":"error","message":"app.BindAndValid errs: State为必填字段,ID为必填字段,Name长度必须至少为3个字符","time":1624530892080484100}
2021/06/24 18:36:48 {"callers":["D:/go_proj/go-programming-tour-book/blog-service/main.go: 24 main.init.0"],"level":"error","message":"app.BindAndValid errs: ID为必填字段,Name长度必须至少为3个字符,State为必填字段","time":1624531008400604000}
2021/06/24 18:41:05 {"callers":["D:/go_proj/go-programming-tour-book/blog-service/main.go: 24 main.init.0"],"level":"error","message":"app.BindAndValid errs: Name长度必须至少为3个字符,State为必填字段,ID为必填字段","time":1624531265180927600}
2021/06/24 18:45:39 {"callers":["D:/go_proj/go-programming-tour-book/blog-service/main.go: 24 main.init.0"],"level":"error","message":"app.BindAndValid errs: Name长度必须至少为3个字符,State为必填字段","time":1624531539642327200}
2021/06/24 18:47:42 {"callers":["D:/go_proj/go-programming-tour-book/blog-service/main.go: 24 main.init.0"],"level":"error","message":"app.BindAndValid errs: State为必填字段,Name长度必须至少为3个字符","time":1624531662981108800}
2021/06/24 18:50:09 {"callers":["D:/go_proj/go-programming-tour-book/blog-service/main.go: 24 main.init.0"],"level":"error","message":"app.BindAndValid errs: Name长度必须至少为3个字符,State为必填字段","time":1624531809478582300}
2021/06/24 18:58:38 {"callers":["D:/go_proj/go-programming-tour-book/blog-service/main.go: 24 main.init.0"],"level":"error","message":"app.BindAndValid errs: State为必填字段,Name长度必须至少为3个字符","time":1624532318981736300}
2021/06/25 10:42:18 {"callers":["D:/go_proj/go-programming-tour-book/blog-service/main.go: 24 main.init.0"],"level":"error","message":"app.BindAndValid errs: Name长度必须至少为3个字符,State为必填字段","time":1624588938645602700}
2021/06/25 10:42:37 {"callers":["D:/go_proj/go-programming-tour-book/blog-service/main.go: 24 main.init.0"],"level":"error","message":"app.BindAndValid errs: Name长度必须至少为3个字符","time":1624588957500950900}
2021/06/25 10:46:14 {"callers":["D:/go_proj/go-programming-tour-book/blog-service/main.go: 24 main.init.0"],"level":"error","message":"app.BindAndValid errs: State为必填字段","time":1624589174351948500}
2021/06/25 10:48:33 {"callers":["D:/go_proj/go-programming-tour-book/blog-service/main.go: 24 main.init.0"],"level":"error","message":"app.BindAndValid errs: State必须是[0 1]中的一个","time":1624589313659862900}
2021/06/25 10:50:07 {"callers":["D:/go_proj/go-programming-tour-book/blog-service/main.go: 24 main.init.0"],"level":"error","message":"app.BindAndValid errs: ","time":1624589407201061300}
2021/06/25 10:52:22 {"callers":["D:/go_proj/go-programming-tour-book/blog-service/main.go: 24 main.init.0"],"level":"error","message":"app.BindAndValid errs: ","time":1624589542757296400}
2021/06/25 10:55:12 {"callers":["D:/go_proj/go-programming-tour-book/blog-service/main.go: 24 main.init.0"],"level":"error","message":"app.BindAndValid errs: ","time":1624589712415455700}
2021/06/25 11:02:58 {"callers":["D:/go_proj/go-programming-tour-book/blog-service/main.go: 24 main.init.0"],"level":"error","message":"app.BindAndValid errs: ","time":1624590178980144500}
2021/06/25 11:13:38 {"callers":["D:/go_proj/go-programming-tour-book/blog-service/main.go: 24 main.init.0"],"level":"error","message":"app.BindAndValid errs: ","time":1624590818573910800}
2021/06/25 11:17:47 {"callers":["D:/go_proj/go-programming-tour-book/blog-service/main.go: 24 main.init.0"],"level":"error","message":"app.BindAndValid errs: ","time":1624591067753929000}
2021/06/25 11:23:30 {"callers":["D:/go_proj/go-programming-tour-book/blog-service/main.go: 24 main.init.0"],"level":"error","message":"app.BindAndValid errs: ","time":1624591410069398200}
2021/06/25 11:28:47 {"callers":["D:/go_proj/go-programming-tour-book/blog-service/main.go: 24 main.init.0"],"level":"error","message":"app.BindAndValid errs: ","time":1624591727707115600}
2021/06/25 11:32:40 {"callers":["D:/go_proj/go-programming-tour-book/blog-service/main.go: 24 main.init.0"],"level":"error","message":"app.BindAndValid errs: ","time":1624591960163470600}
2021/06/25 16:34:51 {"callers":["D:/go_proj/go-programming-tour-book/blog-service/main.go: 24 main.init.0"],"level":"error","message":"app.BindAndValid errs: CoverImageUrl必须是一个有效的URL","time":1624610091602871800}
2021/06/25 16:35:12 {"callers":["D:/go_proj/go-programming-tour-book/blog-service/main.go: 24 main.init.0"],"level":"error","message":"app.BindAndValid errs: CoverImageUrl必须是一个有效的URL","time":1624610112118194100}
2021/06/25 16:36:52 {"callers":["D:/go_proj/go-programming-tour-book/blog-service/main.go: 24 main.init.0"],"level":"error","message":"app.BindAndValid errs: CoverImageUrl必须是一个有效的URL","time":1624610212637082300}
2021/06/25 17:36:38 {"callers":["D:/go_proj/go-programming-tour-book/blog-service/main.go: 24 main.init.0"],"level":"error","message":"app.BindAndValid errs: TagId必须大于或等于1","time":1624613798861989400}
2021/06/28 10:46:31 {"callers":["D:/go_proj/go-programming-tour-book/blog-service/main.go: 24 main.init.0"],"level":"error","message":"app.BindAndValid errs: TagId必须大于或等于1","time":1624848391113034600}
2021/06/28 11:26:29 {"callers":["D:/go_proj/go-programming-tour-book/blog-service/main.go: 24 main.init.0"],"level":"error","message":"app.BindAndValid errs: ID为必填字段","time":1624850789570527500}
2021/06/29 16:21:34 {"callers":["D:/go_proj/go-programming-tour-book/blog-service/main.go: 24 main.init.0"],"level":"error","message":"app.BindAndValid errs: AppKey为必填字段,AppSecret为必填字段","time":1624954894835885900}
2021/06/29 16:24:11 {"callers":["D:/go_proj/go-programming-tour-book/blog-service/main.go: 24 main.init.0"],"level":"error","message":"app.BindAndValid errs: ","time":1624955051632774400}
2021/06/29 16:30:58 {"callers":["D:/go_proj/go-programming-tour-book/blog-service/main.go: 24 main.init.0"],"level":"error","message":"app.BindAndValid errs: ","time":1624955458800820300}
2021/06/29 16:37:14 {"callers":["D:/go_proj/go-programming-tour-book/blog-service/main.go: 24 main.init.0"],"level":"error","message":"app.BindAndValid errs: ","time":1624955834501923400}
2021/06/29 16:37:42 {"callers":["D:/go_proj/go-programming-tour-book/blog-service/main.go: 24 main.init.0"],"level":"error","message":"app.BindAndValid errs: ","time":1624955862120440400}
2021/06/29 16:38:13 {"callers":["D:/go_proj/go-programming-tour-book/blog-service/main.go: 24 main.init.0"],"level":"error","message":"app.BindAndValid errs: AppKey为必填字段,AppSecret为必填字段","time":1624955893481257500}
2021/06/29 16:38:26 {"callers":["D:/go_proj/go-programming-tour-book/blog-service/main.go: 24 main.init.0"],"level":"error","message":"app.BindAndValid errs: ","time":1624955906005400500}
2021/06/29 16:38:29 {"callers":["D:/go_proj/go-programming-tour-book/blog-service/main.go: 24 main.init.0"],"level":"error","message":"app.BindAndValid errs: ","time":1624955909208338300}
2021/06/29 16:46:01 {"callers":["D:/go_proj/go-programming-tour-book/blog-service/main.go: 24 main.init.0"],"level":"error","message":"app.BindAndValid errs: ","time":1624956361015776000}
2021/06/29 16:46:36 {"callers":["D:/go_proj/go-programming-tour-book/blog-service/main.go: 24 main.init.0"],"level":"error","message":"app.BindAndValid errs: AppKey为必填字段,AppSecret为必填字段","time":1624956396436043000}
2021/06/29 16:47:30 {"callers":["D:/go_proj/go-programming-tour-book/blog-service/main.go: 24 main.init.0"],"level":"error","message":"app.BindAndValid errs: AppSecret为必填字段,AppKey为必填字段","time":1624956450060801500}
2021/06/29 16:48:10 {"callers":["D:/go_proj/go-programming-tour-book/blog-service/main.go: 24 main.init.0"],"level":"error","message":"app.BindAndValid errs: AppSecret为必填字段,AppKey为必填字段","time":1624956490267230500}
2021/06/29 16:48:34 {"callers":["D:/go_proj/go-programming-tour-book/blog-service/main.go: 24 main.init.0"],"level":"error","message":"app.BindAndValid errs: AppKey为必填字段,AppSecret为必填字段","time":1624956514971858200}
2021/06/29 16:49:27 {"callers":["D:/go_proj/go-programming-tour-book/blog-service/main.go: 24 main.init.0"],"level":"error","message":"svc.CheckAuth  err: invalid connection","time":1624956567056956300}
2021/06/29 16:54:49 {"callers":["D:/go_proj/go-programming-tour-book/blog-service/main.go: 24 main.init.0"],"level":"error","message":"app.BindAndValid errs: AppKey为必填字段,AppSecret为必填字段","time":1624956889183714300}
2021/06/29 16:55:04 {"callers":["D:/go_proj/go-programming-tour-book/blog-service/main.go: 24 main.init.0"],"level":"error","message":"app.BindAndValid errs: AppKey为必填字段,AppSecret为必填字段","time":1624956904162748300}
2021/07/06 18:00:54 {"callers":["D:/go_proj/go-programming-tour-book/blog-service/main.go: 24 main.init.0"],"level":"error","message":"svc.CountTag err: invalid connection","time":1625565654367524500}
2021/07/07 18:45:35 {"callers":["D:/go_proj/go-programming-tour-book/blog-service/main.go: 24 main.init.0"],"level":"error","message":"svc.CheckAuth  err: dial tcp 127.0.0.1:3306: connectex: No connection could be made because the target machine actively refused it.","time":1625654735457891800}
2021/07/07 18:45:52 {"callers":["D:/go_proj/go-programming-tour-book/blog-service/main.go: 24 main.init.0"],"level":"error","message":"svc.CheckAuth  err: dial tcp 127.0.0.1:3306: connectex: No connection could be made because the target machine actively refused it.","time":1625654752957744600}
2021/07/08 15:12:32 {"callers":["D:/go_proj/go-programming-tour-book/blog-service/main.go: 24 main.init.0"],"level":"error","message":"svc.CheckAuth  err: invalid connection","time":1625728352759307600}
